c:\users\ad4m\downloads\srcd-doom\build\src\setup\setup.dir\release\txt_mouseinput.obj
c:\users\ad4m\downloads\srcd-doom\build\src\setup\setup.dir\release\txt_keyinput.obj
c:\users\ad4m\downloads\srcd-doom\build\src\setup\setup.dir\release\txt_joybinput.obj
c:\users\ad4m\downloads\srcd-doom\build\src\setup\setup.dir\release\txt_joyaxis.obj
c:\users\ad4m\downloads\srcd-doom\build\src\setup\setup.dir\release\execute.obj
c:\users\ad4m\downloads\srcd-doom\build\src\setup\setup.dir\release\sound.obj
c:\users\ad4m\downloads\srcd-doom\build\src\setup\setup.dir\release\multiplayer.obj
c:\users\ad4m\downloads\srcd-doom\build\src\setup\setup.dir\release\mouse.obj
c:\users\ad4m\downloads\srcd-doom\build\src\setup\setup.dir\release\mode.obj
c:\users\ad4m\downloads\srcd-doom\build\src\setup\setup.dir\release\mainmenu.obj
c:\users\ad4m\downloads\srcd-doom\build\src\setup\setup.dir\release\keyboard.obj
c:\users\ad4m\downloads\srcd-doom\build\src\setup\setup.dir\release\joystick.obj
c:\users\ad4m\downloads\srcd-doom\build\src\setup\setup.dir\release\display.obj
c:\users\ad4m\downloads\srcd-doom\build\src\setup\setup.dir\release\competition.obj
c:\users\ad4m\downloads\srcd-doom\build\src\setup\setup.dir\release\compatibility.obj
c:\users\ad4m\downloads\srcd-doom\build\src\setup\cmakefiles\generate.stamp
c:\users\ad4m\downloads\srcd-doom\build\src\setup\release\setup.lib
c:\users\ad4m\downloads\srcd-doom\build\src\setup\setup.dir\release\setup.tlog\cl.command.1.tlog
c:\users\ad4m\downloads\srcd-doom\build\src\setup\setup.dir\release\setup.tlog\cl.read.1.tlog
c:\users\ad4m\downloads\srcd-doom\build\src\setup\setup.dir\release\setup.tlog\cl.write.1.tlog
c:\users\ad4m\downloads\srcd-doom\build\src\setup\setup.dir\release\setup.tlog\custombuild.command.1.tlog
c:\users\ad4m\downloads\srcd-doom\build\src\setup\setup.dir\release\setup.tlog\custombuild.read.1.tlog
c:\users\ad4m\downloads\srcd-doom\build\src\setup\setup.dir\release\setup.tlog\custombuild.write.1.tlog
c:\users\ad4m\downloads\srcd-doom\build\src\setup\setup.dir\release\setup.tlog\lib-link.read.1.tlog
c:\users\ad4m\downloads\srcd-doom\build\src\setup\setup.dir\release\setup.tlog\lib-link.write.1.tlog
c:\users\ad4m\downloads\srcd-doom\build\src\setup\setup.dir\release\setup.tlog\lib.command.1.tlog
