c:\users\ad4m\downloads\srcd-doom\build\opl\opl.dir\release\opl3.obj
c:\users\ad4m\downloads\srcd-doom\build\opl\opl.dir\release\ioperm_sys.obj
c:\users\ad4m\downloads\srcd-doom\build\opl\opl.dir\release\opl_win32.obj
c:\users\ad4m\downloads\srcd-doom\build\opl\opl.dir\release\opl_timer.obj
c:\users\ad4m\downloads\srcd-doom\build\opl\opl.dir\release\opl_sdl.obj
c:\users\ad4m\downloads\srcd-doom\build\opl\opl.dir\release\opl_queue.obj
c:\users\ad4m\downloads\srcd-doom\build\opl\opl.dir\release\opl_obsd.obj
c:\users\ad4m\downloads\srcd-doom\build\opl\opl.dir\release\opl_linux.obj
c:\users\ad4m\downloads\srcd-doom\build\opl\opl.dir\release\opl.obj
c:\users\ad4m\downloads\srcd-doom\build\opl\cmakefiles\generate.stamp
c:\users\ad4m\downloads\srcd-doom\build\opl\release\opl.lib
c:\users\ad4m\downloads\srcd-doom\build\opl\opl.dir\release\opl.tlog\cl.command.1.tlog
c:\users\ad4m\downloads\srcd-doom\build\opl\opl.dir\release\opl.tlog\cl.read.1.tlog
c:\users\ad4m\downloads\srcd-doom\build\opl\opl.dir\release\opl.tlog\cl.write.1.tlog
c:\users\ad4m\downloads\srcd-doom\build\opl\opl.dir\release\opl.tlog\custombuild.command.1.tlog
c:\users\ad4m\downloads\srcd-doom\build\opl\opl.dir\release\opl.tlog\custombuild.read.1.tlog
c:\users\ad4m\downloads\srcd-doom\build\opl\opl.dir\release\opl.tlog\custombuild.write.1.tlog
c:\users\ad4m\downloads\srcd-doom\build\opl\opl.dir\release\opl.tlog\lib-link.read.1.tlog
c:\users\ad4m\downloads\srcd-doom\build\opl\opl.dir\release\opl.tlog\lib-link.write.1.tlog
c:\users\ad4m\downloads\srcd-doom\build\opl\opl.dir\release\opl.tlog\lib.command.1.tlog
