c:\users\ad4m\downloads\srcd-doom\build\src\hexen\hexen.dir\release\p_map.obj
c:\users\ad4m\downloads\srcd-doom\build\src\hexen\hexen.dir\release\p_lights.obj
c:\users\ad4m\downloads\srcd-doom\build\src\hexen\hexen.dir\release\p_inter.obj
c:\users\ad4m\downloads\srcd-doom\build\src\hexen\hexen.dir\release\p_floor.obj
c:\users\ad4m\downloads\srcd-doom\build\src\hexen\hexen.dir\release\p_enemy.obj
c:\users\ad4m\downloads\srcd-doom\build\src\hexen\hexen.dir\release\p_doors.obj
c:\users\ad4m\downloads\srcd-doom\build\src\hexen\hexen.dir\release\p_ceilng.obj
c:\users\ad4m\downloads\srcd-doom\build\src\hexen\hexen.dir\release\p_anim.obj
c:\users\ad4m\downloads\srcd-doom\build\src\hexen\hexen.dir\release\p_acs.obj
c:\users\ad4m\downloads\srcd-doom\build\src\hexen\hexen.dir\release\mn_menu.obj
c:\users\ad4m\downloads\srcd-doom\build\src\hexen\hexen.dir\release\m_random.obj
c:\users\ad4m\downloads\srcd-doom\build\src\hexen\hexen.dir\release\in_lude.obj
c:\users\ad4m\downloads\srcd-doom\build\src\hexen\hexen.dir\release\info.obj
c:\users\ad4m\downloads\srcd-doom\build\src\hexen\hexen.dir\release\h2_main.obj
c:\users\ad4m\downloads\srcd-doom\build\src\hexen\hexen.dir\release\g_game.obj
c:\users\ad4m\downloads\srcd-doom\build\src\hexen\hexen.dir\release\f_finale.obj
c:\users\ad4m\downloads\srcd-doom\build\src\hexen\hexen.dir\release\d_net.obj
c:\users\ad4m\downloads\srcd-doom\build\src\hexen\hexen.dir\release\ct_chat.obj
c:\users\ad4m\downloads\srcd-doom\build\src\hexen\hexen.dir\release\am_map.obj
c:\users\ad4m\downloads\srcd-doom\build\src\hexen\hexen.dir\release\a_action.obj
c:\users\ad4m\downloads\srcd-doom\build\src\hexen\hexen.dir\release\r_things.obj
c:\users\ad4m\downloads\srcd-doom\build\src\hexen\hexen.dir\release\r_segs.obj
c:\users\ad4m\downloads\srcd-doom\build\src\hexen\hexen.dir\release\r_plane.obj
c:\users\ad4m\downloads\srcd-doom\build\src\hexen\hexen.dir\release\r_main.obj
c:\users\ad4m\downloads\srcd-doom\build\src\hexen\hexen.dir\release\r_draw.obj
c:\users\ad4m\downloads\srcd-doom\build\src\hexen\hexen.dir\release\r_data.obj
c:\users\ad4m\downloads\srcd-doom\build\src\hexen\hexen.dir\release\r_bsp.obj
c:\users\ad4m\downloads\srcd-doom\build\src\hexen\hexen.dir\release\p_user.obj
c:\users\ad4m\downloads\srcd-doom\build\src\hexen\hexen.dir\release\p_tick.obj
c:\users\ad4m\downloads\srcd-doom\build\src\hexen\hexen.dir\release\p_things.obj
c:\users\ad4m\downloads\srcd-doom\build\src\hexen\hexen.dir\release\p_telept.obj
c:\users\ad4m\downloads\srcd-doom\build\src\hexen\hexen.dir\release\p_switch.obj
c:\users\ad4m\downloads\srcd-doom\build\src\hexen\hexen.dir\release\p_spec.obj
c:\users\ad4m\downloads\srcd-doom\build\src\hexen\hexen.dir\release\p_sight.obj
c:\users\ad4m\downloads\srcd-doom\build\src\hexen\hexen.dir\release\p_setup.obj
c:\users\ad4m\downloads\srcd-doom\build\src\hexen\hexen.dir\release\p_pspr.obj
c:\users\ad4m\downloads\srcd-doom\build\src\hexen\hexen.dir\release\p_plats.obj
c:\users\ad4m\downloads\srcd-doom\build\src\hexen\hexen.dir\release\po_man.obj
c:\users\ad4m\downloads\srcd-doom\build\src\hexen\hexen.dir\release\p_mobj.obj
c:\users\ad4m\downloads\srcd-doom\build\src\hexen\hexen.dir\release\p_maputl.obj
c:\users\ad4m\downloads\srcd-doom\build\src\hexen\hexen.dir\release\sv_save.obj
c:\users\ad4m\downloads\srcd-doom\build\src\hexen\hexen.dir\release\st_start.obj
c:\users\ad4m\downloads\srcd-doom\build\src\hexen\hexen.dir\release\sounds.obj
c:\users\ad4m\downloads\srcd-doom\build\src\hexen\hexen.dir\release\sn_sonix.obj
c:\users\ad4m\downloads\srcd-doom\build\src\hexen\hexen.dir\release\sc_man.obj
c:\users\ad4m\downloads\srcd-doom\build\src\hexen\hexen.dir\release\sb_bar.obj
c:\users\ad4m\downloads\srcd-doom\build\src\hexen\hexen.dir\release\s_sound.obj
c:\users\ad4m\downloads\srcd-doom\build\src\hexen\hexen.dir\release\cn_meta.obj
c:\users\ad4m\downloads\srcd-doom\build\src\hexen\cmakefiles\generate.stamp
c:\users\ad4m\downloads\srcd-doom\build\src\hexen\release\hexen.lib
c:\users\ad4m\downloads\srcd-doom\build\src\hexen\hexen.dir\release\hexen.tlog\cl.command.1.tlog
c:\users\ad4m\downloads\srcd-doom\build\src\hexen\hexen.dir\release\hexen.tlog\cl.read.1.tlog
c:\users\ad4m\downloads\srcd-doom\build\src\hexen\hexen.dir\release\hexen.tlog\cl.write.1.tlog
c:\users\ad4m\downloads\srcd-doom\build\src\hexen\hexen.dir\release\hexen.tlog\custombuild.command.1.tlog
c:\users\ad4m\downloads\srcd-doom\build\src\hexen\hexen.dir\release\hexen.tlog\custombuild.read.1.tlog
c:\users\ad4m\downloads\srcd-doom\build\src\hexen\hexen.dir\release\hexen.tlog\custombuild.write.1.tlog
c:\users\ad4m\downloads\srcd-doom\build\src\hexen\hexen.dir\release\hexen.tlog\lib-link.read.1.tlog
c:\users\ad4m\downloads\srcd-doom\build\src\hexen\hexen.dir\release\hexen.tlog\lib-link.write.1.tlog
c:\users\ad4m\downloads\srcd-doom\build\src\hexen\hexen.dir\release\hexen.tlog\lib.command.1.tlog
