c:\users\ad4m\downloads\srcd-doom\build\src\srcd-setup.dir\release\m_misc.obj
c:\users\ad4m\downloads\srcd-doom\build\src\srcd-setup.dir\release\m_argv.obj
c:\users\ad4m\downloads\srcd-doom\build\src\srcd-setup.dir\release\i_system.obj
c:\users\ad4m\downloads\srcd-doom\build\src\srcd-setup.dir\release\i_main.obj
c:\users\ad4m\downloads\srcd-doom\build\src\srcd-setup.dir\release\z_native.obj
c:\users\ad4m\downloads\srcd-doom\build\src\srcd-setup.dir\release\net_structrw.obj
c:\users\ad4m\downloads\srcd-doom\build\src\srcd-setup.dir\release\net_query.obj
c:\users\ad4m\downloads\srcd-doom\build\src\srcd-setup.dir\release\net_sdl.obj
c:\users\ad4m\downloads\srcd-doom\build\src\srcd-setup.dir\release\net_petname.obj
c:\users\ad4m\downloads\srcd-doom\build\src\srcd-setup.dir\release\net_packet.obj
c:\users\ad4m\downloads\srcd-doom\build\src\srcd-setup.dir\release\net_io.obj
c:\users\ad4m\downloads\srcd-doom\build\src\srcd-setup.dir\release\m_controls.obj
c:\users\ad4m\downloads\srcd-doom\build\src\srcd-setup.dir\release\m_config.obj
c:\users\ad4m\downloads\srcd-doom\build\src\srcd-setup.dir\release\i_timer.obj
c:\users\ad4m\downloads\srcd-doom\build\src\srcd-setup.dir\release\d_iwad.obj
c:\users\ad4m\downloads\srcd-doom\build\src\srcd-setup.dir\release\d_mode.obj
c:\users\ad4m\downloads\srcd-doom\build\src\srcd-setup.dir\release\deh_str.obj
c:\users\ad4m\downloads\srcd-doom\build\src\cmakefiles\generate.stamp
c:\users\ad4m\downloads\srcd-doom\build\src\release\srcd-setup.exe
c:\users\ad4m\downloads\srcd-doom\build\src\srcd-setup.dir\release\setup-res.res
c:\users\ad4m\downloads\srcd-doom\build\src\srcd-setup.dir\release\srcd-setup.tlog\cl.command.1.tlog
c:\users\ad4m\downloads\srcd-doom\build\src\srcd-setup.dir\release\srcd-setup.tlog\cl.read.1.tlog
c:\users\ad4m\downloads\srcd-doom\build\src\srcd-setup.dir\release\srcd-setup.tlog\cl.write.1.tlog
c:\users\ad4m\downloads\srcd-doom\build\src\srcd-setup.dir\release\srcd-setup.tlog\custombuild.command.1.tlog
c:\users\ad4m\downloads\srcd-doom\build\src\srcd-setup.dir\release\srcd-setup.tlog\custombuild.read.1.tlog
c:\users\ad4m\downloads\srcd-doom\build\src\srcd-setup.dir\release\srcd-setup.tlog\custombuild.write.1.tlog
c:\users\ad4m\downloads\srcd-doom\build\src\srcd-setup.dir\release\srcd-setup.tlog\link.command.1.tlog
c:\users\ad4m\downloads\srcd-doom\build\src\srcd-setup.dir\release\srcd-setup.tlog\link.read.1.tlog
c:\users\ad4m\downloads\srcd-doom\build\src\srcd-setup.dir\release\srcd-setup.tlog\link.write.1.tlog
c:\users\ad4m\downloads\srcd-doom\build\src\srcd-setup.dir\release\srcd-setup.tlog\rc.command.1.tlog
c:\users\ad4m\downloads\srcd-doom\build\src\srcd-setup.dir\release\srcd-setup.tlog\rc.read.1.tlog
c:\users\ad4m\downloads\srcd-doom\build\src\srcd-setup.dir\release\srcd-setup.tlog\rc.write.1.tlog
