c:\users\ad4m\downloads\srcd-doom\build\src\mus2mid.dir\release\m_config.obj
c:\users\ad4m\downloads\srcd-doom\build\src\mus2mid.dir\release\deh_str.obj
c:\users\ad4m\downloads\srcd-doom\build\src\mus2mid.dir\release\d_iwad.obj
c:\users\ad4m\downloads\srcd-doom\build\src\mus2mid.dir\release\m_misc.obj
c:\users\ad4m\downloads\srcd-doom\build\src\mus2mid.dir\release\m_argv.obj
c:\users\ad4m\downloads\srcd-doom\build\src\mus2mid.dir\release\i_system.obj
c:\users\ad4m\downloads\srcd-doom\build\src\mus2mid.dir\release\z_native.obj
c:\users\ad4m\downloads\srcd-doom\build\src\mus2mid.dir\release\memio.obj
c:\users\ad4m\downloads\srcd-doom\build\src\mus2mid.dir\release\mus2mid.obj
c:\users\ad4m\downloads\srcd-doom\build\src\cmakefiles\generate.stamp
c:\users\ad4m\downloads\srcd-doom\build\src\release\mus2mid.exe
c:\users\ad4m\downloads\srcd-doom\build\src\mus2mid.dir\release\mus2mid.tlog\cl.command.1.tlog
c:\users\ad4m\downloads\srcd-doom\build\src\mus2mid.dir\release\mus2mid.tlog\cl.read.1.tlog
c:\users\ad4m\downloads\srcd-doom\build\src\mus2mid.dir\release\mus2mid.tlog\cl.write.1.tlog
c:\users\ad4m\downloads\srcd-doom\build\src\mus2mid.dir\release\mus2mid.tlog\custombuild.command.1.tlog
c:\users\ad4m\downloads\srcd-doom\build\src\mus2mid.dir\release\mus2mid.tlog\custombuild.read.1.tlog
c:\users\ad4m\downloads\srcd-doom\build\src\mus2mid.dir\release\mus2mid.tlog\custombuild.write.1.tlog
c:\users\ad4m\downloads\srcd-doom\build\src\mus2mid.dir\release\mus2mid.tlog\link.command.1.tlog
c:\users\ad4m\downloads\srcd-doom\build\src\mus2mid.dir\release\mus2mid.tlog\link.read.1.tlog
c:\users\ad4m\downloads\srcd-doom\build\src\mus2mid.dir\release\mus2mid.tlog\link.write.1.tlog
