c:\users\ad4m\downloads\srcd-doom\build\src\srcd-doom.dir\release\i_pcsound.obj
c:\users\ad4m\downloads\srcd-doom\build\src\srcd-doom.dir\release\i_oplmusic.obj
c:\users\ad4m\downloads\srcd-doom\build\src\srcd-doom.dir\release\i_musicpack.obj
c:\users\ad4m\downloads\srcd-doom\build\src\srcd-doom.dir\release\i_midipipe.obj
c:\users\ad4m\downloads\srcd-doom\build\src\srcd-doom.dir\release\i_joystick.obj
c:\users\ad4m\downloads\srcd-doom\build\src\srcd-doom.dir\release\i_input.obj
c:\users\ad4m\downloads\srcd-doom\build\src\srcd-doom.dir\release\i_glob.obj
c:\users\ad4m\downloads\srcd-doom\build\src\srcd-doom.dir\release\i_endoom.obj
c:\users\ad4m\downloads\srcd-doom\build\src\srcd-doom.dir\release\i_cdmus.obj
c:\users\ad4m\downloads\srcd-doom\build\src\srcd-doom.dir\release\gusconf.obj
c:\users\ad4m\downloads\srcd-doom\build\src\srcd-doom.dir\release\deh_str.obj
c:\users\ad4m\downloads\srcd-doom\build\src\srcd-doom.dir\release\d_mode.obj
c:\users\ad4m\downloads\srcd-doom\build\src\srcd-doom.dir\release\d_loop.obj
c:\users\ad4m\downloads\srcd-doom\build\src\srcd-doom.dir\release\d_iwad.obj
c:\users\ad4m\downloads\srcd-doom\build\src\srcd-doom.dir\release\d_event.obj
c:\users\ad4m\downloads\srcd-doom\build\src\srcd-doom.dir\release\aes_prng.obj
c:\users\ad4m\downloads\srcd-doom\build\src\srcd-doom.dir\release\m_misc.obj
c:\users\ad4m\downloads\srcd-doom\build\src\srcd-doom.dir\release\m_argv.obj
c:\users\ad4m\downloads\srcd-doom\build\src\srcd-doom.dir\release\i_system.obj
c:\users\ad4m\downloads\srcd-doom\build\src\srcd-doom.dir\release\i_main.obj
c:\users\ad4m\downloads\srcd-doom\build\src\srcd-doom.dir\release\net_packet.obj
c:\users\ad4m\downloads\srcd-doom\build\src\srcd-doom.dir\release\net_loop.obj
c:\users\ad4m\downloads\srcd-doom\build\src\srcd-doom.dir\release\net_io.obj
c:\users\ad4m\downloads\srcd-doom\build\src\srcd-doom.dir\release\net_gui.obj
c:\users\ad4m\downloads\srcd-doom\build\src\srcd-doom.dir\release\net_dedicated.obj
c:\users\ad4m\downloads\srcd-doom\build\src\srcd-doom.dir\release\net_common.obj
c:\users\ad4m\downloads\srcd-doom\build\src\srcd-doom.dir\release\net_client.obj
c:\users\ad4m\downloads\srcd-doom\build\src\srcd-doom.dir\release\m_fixed.obj
c:\users\ad4m\downloads\srcd-doom\build\src\srcd-doom.dir\release\m_controls.obj
c:\users\ad4m\downloads\srcd-doom\build\src\srcd-doom.dir\release\m_config.obj
c:\users\ad4m\downloads\srcd-doom\build\src\srcd-doom.dir\release\m_cheat.obj
c:\users\ad4m\downloads\srcd-doom\build\src\srcd-doom.dir\release\m_bbox.obj
c:\users\ad4m\downloads\srcd-doom\build\src\srcd-doom.dir\release\mus2mid.obj
c:\users\ad4m\downloads\srcd-doom\build\src\srcd-doom.dir\release\midifile.obj
c:\users\ad4m\downloads\srcd-doom\build\src\srcd-doom.dir\release\i_videohr.obj
c:\users\ad4m\downloads\srcd-doom\build\src\srcd-doom.dir\release\i_video.obj
c:\users\ad4m\downloads\srcd-doom\build\src\srcd-doom.dir\release\i_timer.obj
c:\users\ad4m\downloads\srcd-doom\build\src\srcd-doom.dir\release\i_sound.obj
c:\users\ad4m\downloads\srcd-doom\build\src\srcd-doom.dir\release\i_sdlsound.obj
c:\users\ad4m\downloads\srcd-doom\build\src\srcd-doom.dir\release\i_sdlmusic.obj
c:\users\ad4m\downloads\srcd-doom\build\src\srcd-doom.dir\release\win_opendir.obj
c:\users\ad4m\downloads\srcd-doom\build\src\srcd-doom.dir\release\z_zone.obj
c:\users\ad4m\downloads\srcd-doom\build\src\srcd-doom.dir\release\w_merge.obj
c:\users\ad4m\downloads\srcd-doom\build\src\srcd-doom.dir\release\w_file_win32.obj
c:\users\ad4m\downloads\srcd-doom\build\src\srcd-doom.dir\release\w_file_posix.obj
c:\users\ad4m\downloads\srcd-doom\build\src\srcd-doom.dir\release\w_file_stdc.obj
c:\users\ad4m\downloads\srcd-doom\build\src\srcd-doom.dir\release\w_file.obj
c:\users\ad4m\downloads\srcd-doom\build\src\srcd-doom.dir\release\w_wad.obj
c:\users\ad4m\downloads\srcd-doom\build\src\srcd-doom.dir\release\w_main.obj
c:\users\ad4m\downloads\srcd-doom\build\src\srcd-doom.dir\release\w_checksum.obj
c:\users\ad4m\downloads\srcd-doom\build\src\srcd-doom.dir\release\v_video.obj
c:\users\ad4m\downloads\srcd-doom\build\src\srcd-doom.dir\release\v_diskicon.obj
c:\users\ad4m\downloads\srcd-doom\build\src\srcd-doom.dir\release\tables.obj
c:\users\ad4m\downloads\srcd-doom\build\src\srcd-doom.dir\release\memio.obj
c:\users\ad4m\downloads\srcd-doom\build\src\srcd-doom.dir\release\sha1.obj
c:\users\ad4m\downloads\srcd-doom\build\src\srcd-doom.dir\release\net_structrw.obj
c:\users\ad4m\downloads\srcd-doom\build\src\srcd-doom.dir\release\net_server.obj
c:\users\ad4m\downloads\srcd-doom\build\src\srcd-doom.dir\release\net_sdl.obj
c:\users\ad4m\downloads\srcd-doom\build\src\srcd-doom.dir\release\net_query.obj
c:\users\ad4m\downloads\srcd-doom\build\src\srcd-doom.dir\release\net_petname.obj
c:\users\ad4m\downloads\srcd-doom\build\src\srcd-doom.dir\release\deh_text.obj
c:\users\ad4m\downloads\srcd-doom\build\src\srcd-doom.dir\release\deh_mapping.obj
c:\users\ad4m\downloads\srcd-doom\build\src\srcd-doom.dir\release\deh_main.obj
c:\users\ad4m\downloads\srcd-doom\build\src\srcd-doom.dir\release\deh_io.obj
c:\users\ad4m\downloads\srcd-doom\build\src\cmakefiles\generate.stamp
c:\users\ad4m\downloads\srcd-doom\build\src\release\srcd-doom.exe
c:\users\ad4m\downloads\srcd-doom\build\src\srcd-doom.dir\release\resource.res
c:\users\ad4m\downloads\srcd-doom\build\src\srcd-doom.dir\release\srcd-doom.tlog\cl.command.1.tlog
c:\users\ad4m\downloads\srcd-doom\build\src\srcd-doom.dir\release\srcd-doom.tlog\cl.read.1.tlog
c:\users\ad4m\downloads\srcd-doom\build\src\srcd-doom.dir\release\srcd-doom.tlog\cl.write.1.tlog
c:\users\ad4m\downloads\srcd-doom\build\src\srcd-doom.dir\release\srcd-doom.tlog\custombuild.command.1.tlog
c:\users\ad4m\downloads\srcd-doom\build\src\srcd-doom.dir\release\srcd-doom.tlog\custombuild.read.1.tlog
c:\users\ad4m\downloads\srcd-doom\build\src\srcd-doom.dir\release\srcd-doom.tlog\custombuild.write.1.tlog
c:\users\ad4m\downloads\srcd-doom\build\src\srcd-doom.dir\release\srcd-doom.tlog\link.command.1.tlog
c:\users\ad4m\downloads\srcd-doom\build\src\srcd-doom.dir\release\srcd-doom.tlog\link.read.1.tlog
c:\users\ad4m\downloads\srcd-doom\build\src\srcd-doom.dir\release\srcd-doom.tlog\link.write.1.tlog
c:\users\ad4m\downloads\srcd-doom\build\src\srcd-doom.dir\release\srcd-doom.tlog\rc.command.1.tlog
c:\users\ad4m\downloads\srcd-doom\build\src\srcd-doom.dir\release\srcd-doom.tlog\rc.read.1.tlog
c:\users\ad4m\downloads\srcd-doom\build\src\srcd-doom.dir\release\srcd-doom.tlog\rc.write.1.tlog
