c:\users\ad4m\downloads\srcd-doom\build\src\heretic\heretic.dir\release\p_enemy.obj
c:\users\ad4m\downloads\srcd-doom\build\src\heretic\heretic.dir\release\p_doors.obj
c:\users\ad4m\downloads\srcd-doom\build\src\heretic\heretic.dir\release\p_ceilng.obj
c:\users\ad4m\downloads\srcd-doom\build\src\heretic\heretic.dir\release\mn_menu.obj
c:\users\ad4m\downloads\srcd-doom\build\src\heretic\heretic.dir\release\m_random.obj
c:\users\ad4m\downloads\srcd-doom\build\src\heretic\heretic.dir\release\in_lude.obj
c:\users\ad4m\downloads\srcd-doom\build\src\heretic\heretic.dir\release\info.obj
c:\users\ad4m\downloads\srcd-doom\build\src\heretic\heretic.dir\release\g_game.obj
c:\users\ad4m\downloads\srcd-doom\build\src\heretic\heretic.dir\release\f_finale.obj
c:\users\ad4m\downloads\srcd-doom\build\src\heretic\heretic.dir\release\d_net.obj
c:\users\ad4m\downloads\srcd-doom\build\src\heretic\heretic.dir\release\d_main.obj
c:\users\ad4m\downloads\srcd-doom\build\src\heretic\heretic.dir\release\deh_weapon.obj
c:\users\ad4m\downloads\srcd-doom\build\src\heretic\heretic.dir\release\deh_thing.obj
c:\users\ad4m\downloads\srcd-doom\build\src\heretic\heretic.dir\release\deh_sound.obj
c:\users\ad4m\downloads\srcd-doom\build\src\heretic\heretic.dir\release\deh_htic.obj
c:\users\ad4m\downloads\srcd-doom\build\src\heretic\heretic.dir\release\deh_htext.obj
c:\users\ad4m\downloads\srcd-doom\build\src\heretic\heretic.dir\release\deh_frame.obj
c:\users\ad4m\downloads\srcd-doom\build\src\heretic\heretic.dir\release\deh_ammo.obj
c:\users\ad4m\downloads\srcd-doom\build\src\heretic\heretic.dir\release\ct_chat.obj
c:\users\ad4m\downloads\srcd-doom\build\src\heretic\heretic.dir\release\am_map.obj
c:\users\ad4m\downloads\srcd-doom\build\src\heretic\heretic.dir\release\r_main.obj
c:\users\ad4m\downloads\srcd-doom\build\src\heretic\heretic.dir\release\r_draw.obj
c:\users\ad4m\downloads\srcd-doom\build\src\heretic\heretic.dir\release\r_data.obj
c:\users\ad4m\downloads\srcd-doom\build\src\heretic\heretic.dir\release\r_bsp.obj
c:\users\ad4m\downloads\srcd-doom\build\src\heretic\heretic.dir\release\p_user.obj
c:\users\ad4m\downloads\srcd-doom\build\src\heretic\heretic.dir\release\p_tick.obj
c:\users\ad4m\downloads\srcd-doom\build\src\heretic\heretic.dir\release\p_telept.obj
c:\users\ad4m\downloads\srcd-doom\build\src\heretic\heretic.dir\release\p_switch.obj
c:\users\ad4m\downloads\srcd-doom\build\src\heretic\heretic.dir\release\p_spec.obj
c:\users\ad4m\downloads\srcd-doom\build\src\heretic\heretic.dir\release\p_sight.obj
c:\users\ad4m\downloads\srcd-doom\build\src\heretic\heretic.dir\release\p_setup.obj
c:\users\ad4m\downloads\srcd-doom\build\src\heretic\heretic.dir\release\p_saveg.obj
c:\users\ad4m\downloads\srcd-doom\build\src\heretic\heretic.dir\release\p_pspr.obj
c:\users\ad4m\downloads\srcd-doom\build\src\heretic\heretic.dir\release\p_plats.obj
c:\users\ad4m\downloads\srcd-doom\build\src\heretic\heretic.dir\release\p_mobj.obj
c:\users\ad4m\downloads\srcd-doom\build\src\heretic\heretic.dir\release\p_maputl.obj
c:\users\ad4m\downloads\srcd-doom\build\src\heretic\heretic.dir\release\p_map.obj
c:\users\ad4m\downloads\srcd-doom\build\src\heretic\heretic.dir\release\p_lights.obj
c:\users\ad4m\downloads\srcd-doom\build\src\heretic\heretic.dir\release\p_inter.obj
c:\users\ad4m\downloads\srcd-doom\build\src\heretic\heretic.dir\release\p_floor.obj
c:\users\ad4m\downloads\srcd-doom\build\src\heretic\heretic.dir\release\s_sound.obj
c:\users\ad4m\downloads\srcd-doom\build\src\heretic\heretic.dir\release\sounds.obj
c:\users\ad4m\downloads\srcd-doom\build\src\heretic\heretic.dir\release\sb_bar.obj
c:\users\ad4m\downloads\srcd-doom\build\src\heretic\heretic.dir\release\r_things.obj
c:\users\ad4m\downloads\srcd-doom\build\src\heretic\heretic.dir\release\r_segs.obj
c:\users\ad4m\downloads\srcd-doom\build\src\heretic\heretic.dir\release\r_plane.obj
c:\users\ad4m\downloads\srcd-doom\build\src\heretic\heretic.dir\release\cn_meta.obj
c:\users\ad4m\downloads\srcd-doom\build\src\heretic\cmakefiles\generate.stamp
c:\users\ad4m\downloads\srcd-doom\build\src\heretic\release\heretic.lib
c:\users\ad4m\downloads\srcd-doom\build\src\heretic\heretic.dir\release\heretic.tlog\cl.command.1.tlog
c:\users\ad4m\downloads\srcd-doom\build\src\heretic\heretic.dir\release\heretic.tlog\cl.read.1.tlog
c:\users\ad4m\downloads\srcd-doom\build\src\heretic\heretic.dir\release\heretic.tlog\cl.write.1.tlog
c:\users\ad4m\downloads\srcd-doom\build\src\heretic\heretic.dir\release\heretic.tlog\custombuild.command.1.tlog
c:\users\ad4m\downloads\srcd-doom\build\src\heretic\heretic.dir\release\heretic.tlog\custombuild.read.1.tlog
c:\users\ad4m\downloads\srcd-doom\build\src\heretic\heretic.dir\release\heretic.tlog\custombuild.write.1.tlog
c:\users\ad4m\downloads\srcd-doom\build\src\heretic\heretic.dir\release\heretic.tlog\lib-link.read.1.tlog
c:\users\ad4m\downloads\srcd-doom\build\src\heretic\heretic.dir\release\heretic.tlog\lib-link.write.1.tlog
c:\users\ad4m\downloads\srcd-doom\build\src\heretic\heretic.dir\release\heretic.tlog\lib.command.1.tlog
