c:\users\ad4m\downloads\srcd-doom\build\src\doom\doom.dir\release\f_finale.obj
c:\users\ad4m\downloads\srcd-doom\build\src\doom\doom.dir\release\dstrings.obj
c:\users\ad4m\downloads\srcd-doom\build\src\doom\doom.dir\release\doomstat.obj
c:\users\ad4m\downloads\srcd-doom\build\src\doom\doom.dir\release\doomdef.obj
c:\users\ad4m\downloads\srcd-doom\build\src\doom\doom.dir\release\cn_timer.obj
c:\users\ad4m\downloads\srcd-doom\build\src\doom\doom.dir\release\cn_meta.obj
c:\users\ad4m\downloads\srcd-doom\build\src\doom\doom.dir\release\d_net.obj
c:\users\ad4m\downloads\srcd-doom\build\src\doom\doom.dir\release\d_main.obj
c:\users\ad4m\downloads\srcd-doom\build\src\doom\doom.dir\release\d_items.obj
c:\users\ad4m\downloads\srcd-doom\build\src\doom\doom.dir\release\deh_weapon.obj
c:\users\ad4m\downloads\srcd-doom\build\src\doom\doom.dir\release\deh_thing.obj
c:\users\ad4m\downloads\srcd-doom\build\src\doom\doom.dir\release\deh_sound.obj
c:\users\ad4m\downloads\srcd-doom\build\src\doom\doom.dir\release\deh_ptr.obj
c:\users\ad4m\downloads\srcd-doom\build\src\doom\doom.dir\release\deh_misc.obj
c:\users\ad4m\downloads\srcd-doom\build\src\doom\doom.dir\release\deh_frame.obj
c:\users\ad4m\downloads\srcd-doom\build\src\doom\doom.dir\release\deh_doom.obj
c:\users\ad4m\downloads\srcd-doom\build\src\doom\doom.dir\release\deh_cheat.obj
c:\users\ad4m\downloads\srcd-doom\build\src\doom\doom.dir\release\deh_bexstr.obj
c:\users\ad4m\downloads\srcd-doom\build\src\doom\doom.dir\release\deh_ammo.obj
c:\users\ad4m\downloads\srcd-doom\build\src\doom\doom.dir\release\am_map.obj
c:\users\ad4m\downloads\srcd-doom\build\src\doom\doom.dir\release\p_setup.obj
c:\users\ad4m\downloads\srcd-doom\build\src\doom\doom.dir\release\p_saveg.obj
c:\users\ad4m\downloads\srcd-doom\build\src\doom\doom.dir\release\p_pspr.obj
c:\users\ad4m\downloads\srcd-doom\build\src\doom\doom.dir\release\p_plats.obj
c:\users\ad4m\downloads\srcd-doom\build\src\doom\doom.dir\release\p_mobj.obj
c:\users\ad4m\downloads\srcd-doom\build\src\doom\doom.dir\release\p_maputl.obj
c:\users\ad4m\downloads\srcd-doom\build\src\doom\doom.dir\release\p_map.obj
c:\users\ad4m\downloads\srcd-doom\build\src\doom\doom.dir\release\p_lights.obj
c:\users\ad4m\downloads\srcd-doom\build\src\doom\doom.dir\release\p_inter.obj
c:\users\ad4m\downloads\srcd-doom\build\src\doom\doom.dir\release\p_floor.obj
c:\users\ad4m\downloads\srcd-doom\build\src\doom\doom.dir\release\p_enemy.obj
c:\users\ad4m\downloads\srcd-doom\build\src\doom\doom.dir\release\p_doors.obj
c:\users\ad4m\downloads\srcd-doom\build\src\doom\doom.dir\release\p_ceilng.obj
c:\users\ad4m\downloads\srcd-doom\build\src\doom\doom.dir\release\m_random.obj
c:\users\ad4m\downloads\srcd-doom\build\src\doom\doom.dir\release\m_menu.obj
c:\users\ad4m\downloads\srcd-doom\build\src\doom\doom.dir\release\info.obj
c:\users\ad4m\downloads\srcd-doom\build\src\doom\doom.dir\release\hu_stuff.obj
c:\users\ad4m\downloads\srcd-doom\build\src\doom\doom.dir\release\hu_lib.obj
c:\users\ad4m\downloads\srcd-doom\build\src\doom\doom.dir\release\g_game.obj
c:\users\ad4m\downloads\srcd-doom\build\src\doom\doom.dir\release\f_wipe.obj
c:\users\ad4m\downloads\srcd-doom\build\src\doom\doom.dir\release\wi_stuff.obj
c:\users\ad4m\downloads\srcd-doom\build\src\doom\doom.dir\release\st_stuff.obj
c:\users\ad4m\downloads\srcd-doom\build\src\doom\doom.dir\release\st_lib.obj
c:\users\ad4m\downloads\srcd-doom\build\src\doom\doom.dir\release\statdump.obj
c:\users\ad4m\downloads\srcd-doom\build\src\doom\doom.dir\release\sounds.obj
c:\users\ad4m\downloads\srcd-doom\build\src\doom\doom.dir\release\s_sound.obj
c:\users\ad4m\downloads\srcd-doom\build\src\doom\doom.dir\release\r_things.obj
c:\users\ad4m\downloads\srcd-doom\build\src\doom\doom.dir\release\r_sky.obj
c:\users\ad4m\downloads\srcd-doom\build\src\doom\doom.dir\release\r_segs.obj
c:\users\ad4m\downloads\srcd-doom\build\src\doom\doom.dir\release\r_plane.obj
c:\users\ad4m\downloads\srcd-doom\build\src\doom\doom.dir\release\r_main.obj
c:\users\ad4m\downloads\srcd-doom\build\src\doom\doom.dir\release\r_draw.obj
c:\users\ad4m\downloads\srcd-doom\build\src\doom\doom.dir\release\r_data.obj
c:\users\ad4m\downloads\srcd-doom\build\src\doom\doom.dir\release\r_bsp.obj
c:\users\ad4m\downloads\srcd-doom\build\src\doom\doom.dir\release\p_user.obj
c:\users\ad4m\downloads\srcd-doom\build\src\doom\doom.dir\release\p_tick.obj
c:\users\ad4m\downloads\srcd-doom\build\src\doom\doom.dir\release\p_telept.obj
c:\users\ad4m\downloads\srcd-doom\build\src\doom\doom.dir\release\p_switch.obj
c:\users\ad4m\downloads\srcd-doom\build\src\doom\doom.dir\release\p_spec.obj
c:\users\ad4m\downloads\srcd-doom\build\src\doom\doom.dir\release\p_sight.obj
c:\users\ad4m\downloads\srcd-doom\build\src\doom\cmakefiles\generate.stamp
c:\users\ad4m\downloads\srcd-doom\build\src\doom\release\doom.lib
c:\users\ad4m\downloads\srcd-doom\build\src\doom\doom.dir\release\doom.tlog\cl.command.1.tlog
c:\users\ad4m\downloads\srcd-doom\build\src\doom\doom.dir\release\doom.tlog\cl.read.1.tlog
c:\users\ad4m\downloads\srcd-doom\build\src\doom\doom.dir\release\doom.tlog\cl.write.1.tlog
c:\users\ad4m\downloads\srcd-doom\build\src\doom\doom.dir\release\doom.tlog\custombuild.command.1.tlog
c:\users\ad4m\downloads\srcd-doom\build\src\doom\doom.dir\release\doom.tlog\custombuild.read.1.tlog
c:\users\ad4m\downloads\srcd-doom\build\src\doom\doom.dir\release\doom.tlog\custombuild.write.1.tlog
c:\users\ad4m\downloads\srcd-doom\build\src\doom\doom.dir\release\doom.tlog\lib-link.read.1.tlog
c:\users\ad4m\downloads\srcd-doom\build\src\doom\doom.dir\release\doom.tlog\lib-link.write.1.tlog
c:\users\ad4m\downloads\srcd-doom\build\src\doom\doom.dir\release\doom.tlog\lib.command.1.tlog
