c:\users\ad4m\downloads\srcd-doom\build\src\srcd-server.dir\release\z_native.obj
c:\users\ad4m\downloads\srcd-doom\build\src\srcd-server.dir\release\net_structrw.obj
c:\users\ad4m\downloads\srcd-doom\build\src\srcd-server.dir\release\net_server.obj
c:\users\ad4m\downloads\srcd-doom\build\src\srcd-server.dir\release\net_query.obj
c:\users\ad4m\downloads\srcd-doom\build\src\srcd-server.dir\release\net_sdl.obj
c:\users\ad4m\downloads\srcd-doom\build\src\srcd-server.dir\release\net_packet.obj
c:\users\ad4m\downloads\srcd-doom\build\src\srcd-server.dir\release\net_io.obj
c:\users\ad4m\downloads\srcd-doom\build\src\srcd-server.dir\release\net_dedicated.obj
c:\users\ad4m\downloads\srcd-doom\build\src\srcd-server.dir\release\net_common.obj
c:\users\ad4m\downloads\srcd-doom\build\src\srcd-server.dir\release\m_config.obj
c:\users\ad4m\downloads\srcd-doom\build\src\srcd-server.dir\release\i_timer.obj
c:\users\ad4m\downloads\srcd-doom\build\src\srcd-server.dir\release\deh_str.obj
c:\users\ad4m\downloads\srcd-doom\build\src\srcd-server.dir\release\d_mode.obj
c:\users\ad4m\downloads\srcd-doom\build\src\srcd-server.dir\release\d_iwad.obj
c:\users\ad4m\downloads\srcd-doom\build\src\srcd-server.dir\release\d_dedicated.obj
c:\users\ad4m\downloads\srcd-doom\build\src\srcd-server.dir\release\m_misc.obj
c:\users\ad4m\downloads\srcd-doom\build\src\srcd-server.dir\release\m_argv.obj
c:\users\ad4m\downloads\srcd-doom\build\src\srcd-server.dir\release\i_system.obj
c:\users\ad4m\downloads\srcd-doom\build\src\srcd-server.dir\release\i_main.obj
c:\users\ad4m\downloads\srcd-doom\build\src\cmakefiles\generate.stamp
c:\users\ad4m\downloads\srcd-doom\build\src\release\srcd-server.exe
c:\users\ad4m\downloads\srcd-doom\build\src\srcd-server.dir\release\srcd-server.tlog\cl.command.1.tlog
c:\users\ad4m\downloads\srcd-doom\build\src\srcd-server.dir\release\srcd-server.tlog\cl.read.1.tlog
c:\users\ad4m\downloads\srcd-doom\build\src\srcd-server.dir\release\srcd-server.tlog\cl.write.1.tlog
c:\users\ad4m\downloads\srcd-doom\build\src\srcd-server.dir\release\srcd-server.tlog\custombuild.command.1.tlog
c:\users\ad4m\downloads\srcd-doom\build\src\srcd-server.dir\release\srcd-server.tlog\custombuild.read.1.tlog
c:\users\ad4m\downloads\srcd-doom\build\src\srcd-server.dir\release\srcd-server.tlog\custombuild.write.1.tlog
c:\users\ad4m\downloads\srcd-doom\build\src\srcd-server.dir\release\srcd-server.tlog\link.command.1.tlog
c:\users\ad4m\downloads\srcd-doom\build\src\srcd-server.dir\release\srcd-server.tlog\link.read.1.tlog
c:\users\ad4m\downloads\srcd-doom\build\src\srcd-server.dir\release\srcd-server.tlog\link.write.1.tlog
